Testsuite: gov.nasa.jpf.test.mc.threads.ClinitTest
Tests run: 2, Failures: 0, Errors: 0, Time elapsed: 0.743 sec
------------- Standard Output ---------------
  running jpf with args:
JavaPathfinder v7.0 (rev 1124) - (C) RIACS/NASA Ames Research Center


====================================================== system under test
gov.nasa.jpf.test.mc.threads.ClinitTest.runTestMethod()

====================================================== search started: 10/23/13 9:33 PM
initializing Y from Thread[main,5,main]
testing Y.y from Thread[main,5,main]
initializing Y from Thread[Thread-1,5,main]
testing Y.y from Thread[main,5,main]

====================================================== error 1
gov.nasa.jpf.vm.NoUncaughtExceptionsProperty
java.lang.AssertionError: gotcha
	at gov.nasa.jpf.util.test.TestJPF.fail(TestJPF.java:164)
	at gov.nasa.jpf.util.test.TestJPF.assertTrue(TestJPF.java:1128)
	at gov.nasa.jpf.test.mc.threads.ClinitTest.testClinitChoices(ClinitTest.java:81)
	at java.lang.reflect.Method.invoke(gov.nasa.jpf.vm.JPF_java_lang_reflect_Method)
	at gov.nasa.jpf.util.test.TestJPF.runTestMethod(TestJPF.java:603)


====================================================== snapshot #1
thread java.lang.Thread:{id:0,name:main,status:RUNNING,priority:5,lockCount:0,suspendCount:0}
  call stack:
	at gov.nasa.jpf.util.test.TestJPF.runTestMethod(TestJPF.java:605)


====================================================== results
error #1: gov.nasa.jpf.vm.NoUncaughtExceptionsProperty "java.lang.AssertionError: gotcha  at gov.nasa.jpf...."

====================================================== search finished: 10/23/13 9:33 PM
  running jpf with args:
JavaPathfinder v7.0 (rev 1124) - (C) RIACS/NASA Ames Research Center


====================================================== system under test
gov.nasa.jpf.test.mc.threads.ClinitTest.runTestMethod()

====================================================== search started: 10/23/13 9:33 PM
initializing X from Thread[main,5,main]
initializing X from Thread[Thread-1,5,main]

====================================================== results
no errors detected

====================================================== search finished: 10/23/13 9:33 PM
------------- ---------------- ---------------

Testcase: testClinitChoices took 0.502 sec
Testcase: testNoConcurrentClinit took 0.225 sec
