Testsuite: gov.nasa.jpf.test.vm.reflection.MethodTest
Tests run: 30, Failures: 0, Errors: 0, Time elapsed: 3.855 sec
------------- Standard Output ---------------
  running jpf with args:
JavaPathfinder v7.0 (rev 1124) - (C) RIACS/NASA Ames Research Center


====================================================== system under test
gov.nasa.jpf.test.vm.reflection.MethodTest.runTestMethod()

====================================================== search started: 10/23/13 9:34 PM
in foo( 3, 3.330000, Blah)
foo returned 123.456

====================================================== results
no errors detected

====================================================== search finished: 10/23/13 9:34 PM
  running jpf with args:
JavaPathfinder v7.0 (rev 1124) - (C) RIACS/NASA Ames Research Center


====================================================== system under test
gov.nasa.jpf.test.vm.reflection.MethodTest.runTestMethod()

====================================================== search started: 10/23/13 9:34 PM
in harr(41)
harr returned 42

====================================================== results
no errors detected

====================================================== search finished: 10/23/13 9:34 PM
  running jpf with args:
JavaPathfinder v7.0 (rev 1124) - (C) RIACS/NASA Ames Research Center


====================================================== system under test
gov.nasa.jpf.test.vm.reflection.MethodTest.runTestMethod()

====================================================== search started: 10/23/13 9:34 PM
in doAlmostNothing
doAlmostNothing returned null

====================================================== results
no errors detected

====================================================== search finished: 10/23/13 9:34 PM
  running jpf with args:
JavaPathfinder v7.0 (rev 1124) - (C) RIACS/NASA Ames Research Center


====================================================== system under test
gov.nasa.jpf.test.vm.reflection.MethodTest.runTestMethod()

====================================================== search started: 10/23/13 9:34 PM

====================================================== error 1
gov.nasa.jpf.vm.NoUncaughtExceptionsProperty
java.lang.NoSuchMethodException: java.lang.Integer.toUnsignedString(II)
	at java.lang.Class.getMethod(gov.nasa.jpf.vm.JPF_java_lang_Class)
	at gov.nasa.jpf.test.vm.reflection.MethodTest.getPrivateMethod(MethodTest.java:158)
	at java.lang.reflect.Method.invoke(gov.nasa.jpf.vm.JPF_java_lang_reflect_Method)
	at gov.nasa.jpf.util.test.TestJPF.runTestMethod(TestJPF.java:603)


====================================================== snapshot #1
thread java.lang.Thread:{id:0,name:main,status:RUNNING,priority:5,lockCount:0,suspendCount:0}
  call stack:
	at gov.nasa.jpf.util.test.TestJPF.runTestMethod(TestJPF.java:605)


====================================================== results
error #1: gov.nasa.jpf.vm.NoUncaughtExceptionsProperty "java.lang.NoSuchMethodException: java.lang.Integer..."

====================================================== search finished: 10/23/13 9:34 PM
  running jpf with args:
JavaPathfinder v7.0 (rev 1124) - (C) RIACS/NASA Ames Research Center


====================================================== system under test
gov.nasa.jpf.test.vm.reflection.MethodTest.runTestMethod()

====================================================== search started: 10/23/13 9:34 PM

====================================================== results
no errors detected

====================================================== search finished: 10/23/13 9:34 PM
  running jpf with args:
JavaPathfinder v7.0 (rev 1124) - (C) RIACS/NASA Ames Research Center


====================================================== system under test
gov.nasa.jpf.test.vm.reflection.MethodTest.runTestMethod()

====================================================== search started: 10/23/13 9:34 PM

====================================================== error 1
gov.nasa.jpf.vm.NoUncaughtExceptionsProperty
java.lang.IllegalAccessException: Class gov.nasa.jpf.test.vm.reflection.MethodTest can not access a member of class java.lang.Integer with modifiers "private static
	at java.lang.reflect.Method.invoke(gov.nasa.jpf.vm.JPF_java_lang_reflect_Method)
	at gov.nasa.jpf.test.vm.reflection.MethodTest.invokePrivateOtherClass(MethodTest.java:181)
	at java.lang.reflect.Method.invoke(gov.nasa.jpf.vm.JPF_java_lang_reflect_Method)
	at gov.nasa.jpf.util.test.TestJPF.runTestMethod(TestJPF.java:603)


====================================================== snapshot #1
thread java.lang.Thread:{id:0,name:main,status:RUNNING,priority:5,lockCount:0,suspendCount:0}
  call stack:
	at gov.nasa.jpf.util.test.TestJPF.runTestMethod(TestJPF.java:605)


====================================================== results
error #1: gov.nasa.jpf.vm.NoUncaughtExceptionsProperty "java.lang.IllegalAccessException: Class gov.nasa.j..."

====================================================== search finished: 10/23/13 9:34 PM
  running jpf with args:
JavaPathfinder v7.0 (rev 1124) - (C) RIACS/NASA Ames Research Center


====================================================== system under test
gov.nasa.jpf.test.vm.reflection.MethodTest.runTestMethod()

====================================================== search started: 10/23/13 9:34 PM

====================================================== results
no errors detected

====================================================== search finished: 10/23/13 9:34 PM
  running jpf with args:
JavaPathfinder v7.0 (rev 1124) - (C) RIACS/NASA Ames Research Center


====================================================== system under test
gov.nasa.jpf.test.vm.reflection.MethodTest.runTestMethod()

====================================================== search started: 10/23/13 9:34 PM

====================================================== results
no errors detected

====================================================== search finished: 10/23/13 9:34 PM
  running jpf with args:
JavaPathfinder v7.0 (rev 1124) - (C) RIACS/NASA Ames Research Center


====================================================== system under test
gov.nasa.jpf.test.vm.reflection.MethodTest.runTestMethod()

====================================================== search started: 10/23/13 9:34 PM

====================================================== results
no errors detected

====================================================== search finished: 10/23/13 9:34 PM
  running jpf with args:
JavaPathfinder v7.0 (rev 1124) - (C) RIACS/NASA Ames Research Center


====================================================== system under test
gov.nasa.jpf.test.vm.reflection.MethodTest.runTestMethod()

====================================================== search started: 10/23/13 9:34 PM

====================================================== error 1
gov.nasa.jpf.vm.NoUncaughtExceptionsProperty
java.lang.NoSuchMethodException: java.lang.Integer.notify()
	at java.lang.Class.getDeclaredMethod(gov.nasa.jpf.vm.JPF_java_lang_Class)
	at gov.nasa.jpf.test.vm.reflection.MethodTest.getDeclaredMethodCantFindNotify(MethodTest.java:214)
	at java.lang.reflect.Method.invoke(gov.nasa.jpf.vm.JPF_java_lang_reflect_Method)
	at gov.nasa.jpf.util.test.TestJPF.runTestMethod(TestJPF.java:603)


====================================================== snapshot #1
thread java.lang.Thread:{id:0,name:main,status:RUNNING,priority:5,lockCount:0,suspendCount:0}
  call stack:
	at gov.nasa.jpf.util.test.TestJPF.runTestMethod(TestJPF.java:605)


====================================================== results
error #1: gov.nasa.jpf.vm.NoUncaughtExceptionsProperty "java.lang.NoSuchMethodException: java.lang.Integer..."

====================================================== search finished: 10/23/13 9:34 PM
  running jpf with args:
JavaPathfinder v7.0 (rev 1124) - (C) RIACS/NASA Ames Research Center


====================================================== system under test
gov.nasa.jpf.test.vm.reflection.MethodTest.runTestMethod()

====================================================== search started: 10/23/13 9:34 PM

====================================================== error 1
gov.nasa.jpf.vm.NoUncaughtExceptionsProperty
java.lang.IllegalArgumentException: Object is not an instance of declaring class.  Actual = ClassInfo[name=java.lang.Object].  Expected = ClassInfo[name=gov.nasa.jpf.test.vm.reflection.MethodTest]
	at java.lang.reflect.Method.invoke(gov.nasa.jpf.vm.JPF_java_lang_reflect_Method)
	at gov.nasa.jpf.test.vm.reflection.MethodTest.invokeWrongThisType(MethodTest.java:226)
	at java.lang.reflect.Method.invoke(gov.nasa.jpf.vm.JPF_java_lang_reflect_Method)
	at gov.nasa.jpf.util.test.TestJPF.runTestMethod(TestJPF.java:603)


====================================================== snapshot #1
thread java.lang.Thread:{id:0,name:main,status:RUNNING,priority:5,lockCount:0,suspendCount:0}
  call stack:
	at gov.nasa.jpf.util.test.TestJPF.runTestMethod(TestJPF.java:605)


====================================================== results
error #1: gov.nasa.jpf.vm.NoUncaughtExceptionsProperty "java.lang.IllegalArgumentException: Object is not ..."

====================================================== search finished: 10/23/13 9:34 PM
  running jpf with args:
JavaPathfinder v7.0 (rev 1124) - (C) RIACS/NASA Ames Research Center


====================================================== system under test
gov.nasa.jpf.test.vm.reflection.MethodTest.runTestMethod()

====================================================== search started: 10/23/13 9:34 PM

====================================================== error 1
gov.nasa.jpf.vm.NoUncaughtExceptionsProperty
java.lang.NullPointerException
	at java.lang.reflect.Method.invoke(gov.nasa.jpf.vm.JPF_java_lang_reflect_Method)
	at gov.nasa.jpf.test.vm.reflection.MethodTest.invokeNullObject(MethodTest.java:235)
	at java.lang.reflect.Method.invoke(gov.nasa.jpf.vm.JPF_java_lang_reflect_Method)
	at gov.nasa.jpf.util.test.TestJPF.runTestMethod(TestJPF.java:603)


====================================================== snapshot #1
thread java.lang.Thread:{id:0,name:main,status:RUNNING,priority:5,lockCount:0,suspendCount:0}
  call stack:
	at gov.nasa.jpf.util.test.TestJPF.runTestMethod(TestJPF.java:605)


====================================================== results
error #1: gov.nasa.jpf.vm.NoUncaughtExceptionsProperty "java.lang.NullPointerException  at java.lang.refle..."

====================================================== search finished: 10/23/13 9:34 PM
  running jpf with args:
JavaPathfinder v7.0 (rev 1124) - (C) RIACS/NASA Ames Research Center


====================================================== system under test
gov.nasa.jpf.test.vm.reflection.MethodTest.runTestMethod()

====================================================== search started: 10/23/13 9:34 PM

====================================================== error 1
gov.nasa.jpf.vm.NoUncaughtExceptionsProperty
java.lang.IllegalArgumentException: Wrong number of arguments passed.  Actual = 1.  Expected = 0
	at java.lang.reflect.Method.invoke(gov.nasa.jpf.vm.JPF_java_lang_reflect_Method)
	at gov.nasa.jpf.test.vm.reflection.MethodTest.invokeWrongNumberOfArguments(MethodTest.java:244)
	at java.lang.reflect.Method.invoke(gov.nasa.jpf.vm.JPF_java_lang_reflect_Method)
	at gov.nasa.jpf.util.test.TestJPF.runTestMethod(TestJPF.java:603)


====================================================== snapshot #1
thread java.lang.Thread:{id:0,name:main,status:RUNNING,priority:5,lockCount:0,suspendCount:0}
  call stack:
	at gov.nasa.jpf.util.test.TestJPF.runTestMethod(TestJPF.java:605)


====================================================== results
error #1: gov.nasa.jpf.vm.NoUncaughtExceptionsProperty "java.lang.IllegalArgumentException: Wrong number o..."

====================================================== search finished: 10/23/13 9:34 PM
  running jpf with args:
JavaPathfinder v7.0 (rev 1124) - (C) RIACS/NASA Ames Research Center


====================================================== system under test
gov.nasa.jpf.test.vm.reflection.MethodTest.runTestMethod()

====================================================== search started: 10/23/13 9:34 PM

====================================================== error 1
gov.nasa.jpf.vm.NoUncaughtExceptionsProperty
java.lang.IllegalArgumentException: Wrong argument type at index 0.  Source Class = gov.nasa.jpf.test.vm.reflection.MethodTest$Faz.  Dest Class = gov.nasa.jpf.test.vm.reflection.MethodTest$Boo
	at java.lang.reflect.Method.invoke(gov.nasa.jpf.vm.JPF_java_lang_reflect_Method)
	at gov.nasa.jpf.test.vm.reflection.MethodTest.invokeWrongArgumentTypeReference(MethodTest.java:253)
	at java.lang.reflect.Method.invoke(gov.nasa.jpf.vm.JPF_java_lang_reflect_Method)
	at gov.nasa.jpf.util.test.TestJPF.runTestMethod(TestJPF.java:603)


====================================================== snapshot #1
thread java.lang.Thread:{id:0,name:main,status:RUNNING,priority:5,lockCount:0,suspendCount:0}
  call stack:
	at gov.nasa.jpf.util.test.TestJPF.runTestMethod(TestJPF.java:605)


====================================================== results
error #1: gov.nasa.jpf.vm.NoUncaughtExceptionsProperty "java.lang.IllegalArgumentException: Wrong argument..."

====================================================== search finished: 10/23/13 9:34 PM
  running jpf with args:
JavaPathfinder v7.0 (rev 1124) - (C) RIACS/NASA Ames Research Center


====================================================== system under test
gov.nasa.jpf.test.vm.reflection.MethodTest.runTestMethod()

====================================================== search started: 10/23/13 9:34 PM

====================================================== error 1
gov.nasa.jpf.vm.NoUncaughtExceptionsProperty
java.lang.reflect.InvocationTargetException: java.lang.Throwable
	at gov.nasa.jpf.test.vm.reflection.MethodTest.throwThrowable(MethodTest.java:258)
	at java.lang.reflect.Method.invoke(gov.nasa.jpf.vm.JPF_java_lang_reflect_Method)
	at gov.nasa.jpf.test.vm.reflection.MethodTest.invokeInvocationTargetException(MethodTest.java:270)
	at java.lang.reflect.Method.invoke(gov.nasa.jpf.vm.JPF_java_lang_reflect_Method)
	at gov.nasa.jpf.util.test.TestJPF.runTestMethod(TestJPF.java:603)
Caused by: java.lang.Throwable: purposeful exception
	at gov.nasa.jpf.test.vm.reflection.MethodTest.throwThrowable(MethodTest.java:258)
	at java.lang.reflect.Method.invoke(gov.nasa.jpf.vm.JPF_java_lang_reflect_Method)
	at gov.nasa.jpf.test.vm.reflection.MethodTest.invokeInvocationTargetException(MethodTest.java:270)
	at java.lang.reflect.Method.invoke(gov.nasa.jpf.vm.JPF_java_lang_reflect_Method)
	at gov.nasa.jpf.util.test.TestJPF.runTestMethod(TestJPF.java:603)


====================================================== snapshot #1
thread java.lang.Thread:{id:0,name:main,status:RUNNING,priority:5,lockCount:0,suspendCount:0}
  call stack:
	at gov.nasa.jpf.util.test.TestJPF.runTestMethod(TestJPF.java:605)


====================================================== results
error #1: gov.nasa.jpf.vm.NoUncaughtExceptionsProperty "java.lang.reflect.InvocationTargetException: java...."

====================================================== search finished: 10/23/13 9:34 PM
  running jpf with args:
JavaPathfinder v7.0 (rev 1124) - (C) RIACS/NASA Ames Research Center


====================================================== system under test
gov.nasa.jpf.test.vm.reflection.MethodTest.runTestMethod()

====================================================== search started: 10/23/13 9:34 PM

====================================================== results
no errors detected

====================================================== search finished: 10/23/13 9:34 PM
  running jpf with args:
JavaPathfinder v7.0 (rev 1124) - (C) RIACS/NASA Ames Research Center


====================================================== system under test
gov.nasa.jpf.test.vm.reflection.MethodTest.runTestMethod()

====================================================== search started: 10/23/13 9:34 PM

====================================================== results
no errors detected

====================================================== search finished: 10/23/13 9:34 PM
  running jpf with args:
JavaPathfinder v7.0 (rev 1124) - (C) RIACS/NASA Ames Research Center


====================================================== system under test
gov.nasa.jpf.test.vm.reflection.MethodTest.runTestMethod()

====================================================== search started: 10/23/13 9:34 PM
7=>ILLEGAL
8=>ILLEGAL
9=>ILLEGAL
10=>ILLEGAL
3.1415=>ILLEGAL
3.14159=>ILLEGAL
true=>true
w=>ILLEGAL
hello=>ILLEGAL
null=>ILLEGAL

====================================================== results
no errors detected

====================================================== search finished: 10/23/13 9:34 PM
  running jpf with args:
JavaPathfinder v7.0 (rev 1124) - (C) RIACS/NASA Ames Research Center


====================================================== system under test
gov.nasa.jpf.test.vm.reflection.MethodTest.runTestMethod()

====================================================== search started: 10/23/13 9:34 PM
7=>7
8=>ILLEGAL
9=>ILLEGAL
10=>ILLEGAL
3.1415=>ILLEGAL
3.14159=>ILLEGAL
true=>ILLEGAL
w=>ILLEGAL
hello=>ILLEGAL
null=>ILLEGAL

====================================================== results
no errors detected

====================================================== search finished: 10/23/13 9:34 PM
  running jpf with args:
JavaPathfinder v7.0 (rev 1124) - (C) RIACS/NASA Ames Research Center


====================================================== system under test
gov.nasa.jpf.test.vm.reflection.MethodTest.runTestMethod()

====================================================== search started: 10/23/13 9:34 PM
7=>7
8=>8
9=>ILLEGAL
10=>ILLEGAL
3.1415=>ILLEGAL
3.14159=>ILLEGAL
true=>ILLEGAL
w=>ILLEGAL
hello=>ILLEGAL
null=>ILLEGAL

====================================================== results
no errors detected

====================================================== search finished: 10/23/13 9:34 PM
  running jpf with args:
JavaPathfinder v7.0 (rev 1124) - (C) RIACS/NASA Ames Research Center


====================================================== system under test
gov.nasa.jpf.test.vm.reflection.MethodTest.runTestMethod()

====================================================== search started: 10/23/13 9:34 PM
7=>ILLEGAL
8=>ILLEGAL
9=>ILLEGAL
10=>ILLEGAL
3.1415=>ILLEGAL
3.14159=>ILLEGAL
true=>ILLEGAL
w=>w
hello=>ILLEGAL
null=>ILLEGAL

====================================================== results
no errors detected

====================================================== search finished: 10/23/13 9:34 PM
  running jpf with args:
JavaPathfinder v7.0 (rev 1124) - (C) RIACS/NASA Ames Research Center


====================================================== system under test
gov.nasa.jpf.test.vm.reflection.MethodTest.runTestMethod()

====================================================== search started: 10/23/13 9:34 PM
7=>7
8=>8
9=>9
10=>ILLEGAL
3.1415=>ILLEGAL
3.14159=>ILLEGAL
true=>ILLEGAL
w=>119
hello=>ILLEGAL
null=>ILLEGAL

====================================================== results
no errors detected

====================================================== search finished: 10/23/13 9:34 PM
  running jpf with args:
JavaPathfinder v7.0 (rev 1124) - (C) RIACS/NASA Ames Research Center


====================================================== system under test
gov.nasa.jpf.test.vm.reflection.MethodTest.runTestMethod()

====================================================== search started: 10/23/13 9:34 PM
7=>7
8=>8
9=>9
10=>10
3.1415=>ILLEGAL
3.14159=>ILLEGAL
true=>ILLEGAL
w=>119
hello=>ILLEGAL
null=>ILLEGAL

====================================================== results
no errors detected

====================================================== search finished: 10/23/13 9:34 PM
  running jpf with args:
JavaPathfinder v7.0 (rev 1124) - (C) RIACS/NASA Ames Research Center


====================================================== system under test
gov.nasa.jpf.test.vm.reflection.MethodTest.runTestMethod()

====================================================== search started: 10/23/13 9:34 PM
7=>7.0
8=>8.0
9=>9.0
10=>10.0
3.1415=>3.1415
3.14159=>ILLEGAL
true=>ILLEGAL
w=>119.0
hello=>ILLEGAL
null=>ILLEGAL

====================================================== results
no errors detected

====================================================== search finished: 10/23/13 9:34 PM
  running jpf with args:
JavaPathfinder v7.0 (rev 1124) - (C) RIACS/NASA Ames Research Center


====================================================== system under test
gov.nasa.jpf.test.vm.reflection.MethodTest.runTestMethod()

====================================================== search started: 10/23/13 9:34 PM
7=>7.0
8=>8.0
9=>9.0
10=>10.0
3.1415=>3.1414999961853027
3.14159=>3.14159
true=>ILLEGAL
w=>119.0
hello=>ILLEGAL
null=>ILLEGAL

====================================================== results
no errors detected

====================================================== search finished: 10/23/13 9:34 PM
  running jpf with args:
JavaPathfinder v7.0 (rev 1124) - (C) RIACS/NASA Ames Research Center


====================================================== system under test
gov.nasa.jpf.test.vm.reflection.MethodTest.runTestMethod()

====================================================== search started: 10/23/13 9:34 PM
7=>ILLEGAL
8=>ILLEGAL
9=>ILLEGAL
10=>ILLEGAL
3.1415=>ILLEGAL
3.14159=>ILLEGAL
true=>ILLEGAL
w=>ILLEGAL
hello=>hello
null=>null

====================================================== results
no errors detected

====================================================== search finished: 10/23/13 9:34 PM
  running jpf with args:
JavaPathfinder v7.0 (rev 1124) - (C) RIACS/NASA Ames Research Center


====================================================== system under test
gov.nasa.jpf.test.vm.reflection.MethodTest.runTestMethod()

====================================================== search started: 10/23/13 9:34 PM
7=>7
8=>8
9=>9
10=>10
3.1415=>3.1415
3.14159=>3.14159
true=>true
w=>w
hello=>hello
null=>null

====================================================== results
no errors detected

====================================================== search finished: 10/23/13 9:34 PM
  running jpf with args:
JavaPathfinder v7.0 (rev 1124) - (C) RIACS/NASA Ames Research Center


====================================================== system under test
gov.nasa.jpf.test.vm.reflection.MethodTest.runTestMethod()

====================================================== search started: 10/23/13 9:34 PM
7=>7
8=>8
9=>9
10=>10
3.1415=>3.1415
3.14159=>3.14159
true=>ILLEGAL
w=>ILLEGAL
hello=>ILLEGAL
null=>null

====================================================== results
no errors detected

====================================================== search finished: 10/23/13 9:34 PM
  running jpf with args:
JavaPathfinder v7.0 (rev 1124) - (C) RIACS/NASA Ames Research Center


====================================================== system under test
gov.nasa.jpf.test.vm.reflection.MethodTest.runTestMethod()

====================================================== search started: 10/23/13 9:34 PM
[I@44516=>[I@44516
[F@44519=>ILLEGAL
blah=>ILLEGAL
null=>null

====================================================== results
no errors detected

====================================================== search finished: 10/23/13 9:34 PM
  running jpf with args:
JavaPathfinder v7.0 (rev 1124) - (C) RIACS/NASA Ames Research Center


====================================================== system under test
gov.nasa.jpf.test.vm.reflection.MethodTest.runTestMethod()

====================================================== search started: 10/23/13 9:34 PM
oneFoo(@A int) : @gov.nasa.jpf.test.vm.reflection.MethodTest$A(value=arg 1)
twoFoo(int, @A int)  : [Ljava.lang.annotation.Annotation;@44443,@gov.nasa.jpf.test.vm.reflection.MethodTest$A(value=arg 2)

====================================================== results
no errors detected

====================================================== search finished: 10/23/13 9:34 PM
------------- ---------------- ---------------

Testcase: testInstanceMethodInvoke took 0.595 sec
Testcase: testStaticMethodInvoke took 0.234 sec
Testcase: testNoArgStaticMethodInvoke took 0.163 sec
Testcase: getPrivateMethod took 0.143 sec
Testcase: invokePrivateSameClass took 0.144 sec
Testcase: invokePrivateOtherClass took 0.132 sec
Testcase: invokePrivateOtherClassAccessible took 0.168 sec
Testcase: invokePrivateSuperclass took 0.114 sec
Testcase: getMethodCanFindNotify took 0.12 sec
Testcase: getDeclaredMethodCantFindNotify took 0.12 sec
Testcase: invokeWrongThisType took 0.101 sec
Testcase: invokeNullObject took 0.108 sec
Testcase: invokeWrongNumberOfArguments took 0.112 sec
Testcase: invokeWrongArgumentTypeReference took 0.086 sec
Testcase: invokeInvocationTargetException took 0.088 sec
Testcase: testReturnType took 0.109 sec
Testcase: testParameterTypes took 0.079 sec
Testcase: argTestBoolean took 0.1 sec
Testcase: argTestByte took 0.094 sec
Testcase: argTestShort took 0.098 sec
Testcase: argTestChar took 0.097 sec
Testcase: argTestInt took 0.146 sec
Testcase: argTestLong took 0.093 sec
Testcase: argTestFloat took 0.086 sec
Testcase: argTestDouble took 0.079 sec
Testcase: argTestString took 0.111 sec
Testcase: argTestObject took 0.074 sec
Testcase: argTestNumber took 0.088 sec
Testcase: argTestIntArray took 0.066 sec
Testcase: testParameterAnnotations took 0.073 sec
