Testsuite: gov.nasa.jpf.test.mc.threads.HORaceTest
Tests run: 1, Failures: 0, Errors: 0, Time elapsed: 0.627 sec
------------- Standard Output ---------------
  running jpf with args:
JavaPathfinder v7.0 (rev 1124) - (C) RIACS/NASA Ames Research Center


====================================================== system under test
gov.nasa.jpf.test.mc.threads.HORaceTest.runTestMethod()

====================================================== search started: 10/23/13 9:33 PM
d2 = 42,42
d2 = 42,42
d2 = 42,41

====================================================== error 1
gov.nasa.jpf.vm.NoUncaughtExceptionsProperty
java.lang.AssertionError: inconsistent d2
	at gov.nasa.jpf.test.mc.threads.HORaceTest.testHighOrderRace(HORaceTest.java:98)
	at java.lang.reflect.Method.invoke(gov.nasa.jpf.vm.JPF_java_lang_reflect_Method)
	at gov.nasa.jpf.util.test.TestJPF.runTestMethod(TestJPF.java:603)


====================================================== snapshot #1
thread java.lang.Thread:{id:0,name:main,status:RUNNING,priority:5,lockCount:0,suspendCount:0}
  call stack:
	at gov.nasa.jpf.util.test.TestJPF.runTestMethod(TestJPF.java:605)


====================================================== results
error #1: gov.nasa.jpf.vm.NoUncaughtExceptionsProperty "java.lang.AssertionError: inconsistent d2  at gov...."

====================================================== search finished: 10/23/13 9:33 PM
------------- ---------------- ---------------

Testcase: testHighOrderRace took 0.612 sec
