Testsuite: gov.nasa.jpf.test.mc.basic.TraceTest
Tests run: 3, Failures: 0, Errors: 0, Time elapsed: 1.718 sec
------------- Standard Output ---------------
  running jpf with args:
JavaPathfinder v7.0 (rev 1124) - (C) RIACS/NASA Ames Research Center


====================================================== system under test
gov.nasa.jpf.test.mc.basic.TraceTest.runTestMethod()

====================================================== search started: 10/23/13 9:32 PM
pre-trace choice: 0,100

====================================================== results
no errors detected

====================================================== search finished: 10/23/13 9:32 PM
  running jpf with args: +listener=.listener.ChoiceSelector +choice.use_trace=trace
JavaPathfinder v7.0 (rev 1124) - (C) RIACS/NASA Ames Research Center


====================================================== system under test
gov.nasa.jpf.test.mc.basic.TraceTest.runTestMethod()

====================================================== search started: 10/23/13 9:32 PM
pre-trace choice: 0,100
post-trace choice: 0,100,0
post-trace choice: 0,100,1
post-trace choice: 0,100,2
post-trace choice: 0,100,3

====================================================== results
no errors detected

====================================================== search finished: 10/23/13 9:32 PM
--- creating trace
  running jpf with args: +listener=.listener.TraceStorer +trace.file=trace
JavaPathfinder v7.0 (rev 1124) - (C) RIACS/NASA Ames Research Center


====================================================== system under test
gov.nasa.jpf.test.mc.basic.TraceTest.runTestMethod()

====================================================== search started: 10/23/13 9:32 PM
0,0,0,true,0
0,0,0,true,1
0,0,0,true,2
0,0,0,true,3
0,0,0,true,0
0,0,0,true,1
0,0,0,true,2
0,0,0,true,3
0,0,1,true,0
0,0,1,true,1
0,0,1,true,2
0,0,1,true,3
0,0,1,true,0
0,0,1,true,1
0,0,1,true,2
0,0,1,true,3
0,0,2,true,0
0,0,2,true,1
0,0,2,true,2
0,0,2,true,3
0,0,2,true,0
0,0,2,true,1
0,0,2,true,2
0,0,2,true,3
0,0,3,true,0
0,0,3,true,1
0,0,3,true,2
0,0,3,true,3
0,0,3,true,0
0,0,3,true,1
0,0,3,true,2
0,0,3,true,3
0,0,4,true,0
0,0,4,true,1
0,0,4,true,2
0,0,4,true,3
0,0,4,true,0
0,0,4,true,1
0,0,4,true,2
0,0,4,true,3
0,0,5,true,0
0,0,5,true,1
0,0,5,true,2
0,0,5,true,3
0,0,5,true,0
0,0,5,true,1
0,0,5,true,2
0,0,5,true,3
0,1,0,true,0
0,1,0,true,1
0,1,0,true,2
0,1,0,true,3
0,1,0,true,0
0,1,0,true,1
0,1,0,true,2
0,1,0,true,3
0,1,1,true,0
0,1,1,true,1
0,1,1,true,2
0,1,1,true,3
0,1,1,true,0
0,1,1,true,1
0,1,1,true,2
0,1,1,true,3
0,1,2,true,0
0,1,2,true,1
0,1,2,true,2
0,1,2,true,3
0,1,2,true,0
0,1,2,true,1
0,1,2,true,2
0,1,2,true,3

====================================================== error 1
gov.nasa.jpf.vm.NoUncaughtExceptionsProperty
java.lang.AssertionError
	at gov.nasa.jpf.test.mc.basic.TraceTest.bar(TraceTest.java:93)
	at java.lang.reflect.Method.invoke(gov.nasa.jpf.vm.JPF_java_lang_reflect_Method)
	at gov.nasa.jpf.util.test.TestJPF.runTestMethod(TestJPF.java:603)


====================================================== snapshot #1
thread java.lang.Thread:{id:0,name:main,status:RUNNING,priority:5,lockCount:0,suspendCount:0}
  call stack:
	at gov.nasa.jpf.util.test.TestJPF.runTestMethod(TestJPF.java:605)


====================================================== results
error #1: gov.nasa.jpf.vm.NoUncaughtExceptionsProperty "java.lang.AssertionError  at gov.nasa.jpf.test.mc...."

====================================================== search finished: 10/23/13 9:32 PM
--- replaying trace
  running jpf with args: +listener=.listener.ChoiceSelector +choice.use_trace=trace
JavaPathfinder v7.0 (rev 1124) - (C) RIACS/NASA Ames Research Center


====================================================== system under test
gov.nasa.jpf.test.mc.basic.TraceTest.runTestMethod()

====================================================== search started: 10/23/13 9:32 PM
0,1,2,true,3

====================================================== error 1
gov.nasa.jpf.vm.NoUncaughtExceptionsProperty
java.lang.AssertionError
	at gov.nasa.jpf.test.mc.basic.TraceTest.bar(TraceTest.java:93)
	at java.lang.reflect.Method.invoke(gov.nasa.jpf.vm.JPF_java_lang_reflect_Method)
	at gov.nasa.jpf.util.test.TestJPF.runTestMethod(TestJPF.java:603)


====================================================== snapshot #1
thread java.lang.Thread:{id:0,name:main,status:RUNNING,priority:5,lockCount:0,suspendCount:0}
  call stack:
	at gov.nasa.jpf.util.test.TestJPF.runTestMethod(TestJPF.java:605)


====================================================== results
error #1: gov.nasa.jpf.vm.NoUncaughtExceptionsProperty "java.lang.AssertionError  at gov.nasa.jpf.test.mc...."

====================================================== search finished: 10/23/13 9:32 PM
  running jpf with args: +listener=.listener.TraceStorer +trace.file=trace +trace.depth=3 +search.depth_limit=3 gov.nasa.jpf.test.mc.basic.TraceTest baz
JavaPathfinder v7.0 (rev 1124) - (C) RIACS/NASA Ames Research Center


====================================================== system under test
gov.nasa.jpf.test.mc.basic.TraceTest.runTestMethod("gov.nasa.jpf.test.mc.basic.TraceTest","baz")

====================================================== search started: 10/23/13 9:32 PM

====================================================== results
no errors detected

====================================================== search finished: 10/23/13 9:32 PM
  running jpf with args: +listener=.listener.ChoiceSelector +choice.use_trace=trace +search.depth_limit=3 gov.nasa.jpf.test.mc.basic.TraceTest baz
JavaPathfinder v7.0 (rev 1124) - (C) RIACS/NASA Ames Research Center


====================================================== system under test
gov.nasa.jpf.test.mc.basic.TraceTest.runTestMethod("gov.nasa.jpf.test.mc.basic.TraceTest","baz")

====================================================== search started: 10/23/13 9:32 PM

====================================================== results
no errors detected

====================================================== search finished: 10/23/13 9:32 PM
------------- ---------------- ---------------

Testcase: testPartialTrace took 0.771 sec
Testcase: testErrorTrace took 0.674 sec
Testcase: testDepth took 0.257 sec
