Testsuite: gov.nasa.jpf.test.java.lang.SystemTest
Tests run: 6, Failures: 0, Errors: 0, Time elapsed: 1.375 sec
------------- Standard Output ---------------
  running jpf with args:
JavaPathfinder v7.0 (rev 1124) - (C) RIACS/NASA Ames Research Center


====================================================== system under test
gov.nasa.jpf.test.java.lang.SystemTest.runTestMethod()

====================================================== search started: 10/23/13 9:32 PM
calling System.exit(0)
calling System.exit(0)
calling System.exit(0)
calling System.exit(0)
calling System.exit(0)
calling System.exit(0)

====================================================== results
no errors detected

====================================================== search finished: 10/23/13 9:32 PM
  running jpf with args:
JavaPathfinder v7.0 (rev 1124) - (C) RIACS/NASA Ames Research Center


====================================================== system under test
gov.nasa.jpf.test.java.lang.SystemTest.runTestMethod()

====================================================== search started: 10/23/13 9:32 PM

====================================================== error 1
gov.nasa.jpf.vm.NoUncaughtExceptionsProperty
java.lang.ArrayStoreException: incompatible reference array element type (required java.lang.String, found java.lang.Integer
	at java.lang.System.arraycopy(gov.nasa.jpf.vm.JPF_java_lang_System)
	at gov.nasa.jpf.test.java.lang.SystemTest.testIncompatibleReferencesArrayCopy(SystemTest.java:130)
	at java.lang.reflect.Method.invoke(gov.nasa.jpf.vm.JPF_java_lang_reflect_Method)
	at gov.nasa.jpf.util.test.TestJPF.runTestMethod(TestJPF.java:603)


====================================================== snapshot #1
thread java.lang.Thread:{id:0,name:main,status:RUNNING,priority:5,lockCount:0,suspendCount:0}
  call stack:
	at gov.nasa.jpf.util.test.TestJPF.runTestMethod(TestJPF.java:605)


====================================================== results
error #1: gov.nasa.jpf.vm.NoUncaughtExceptionsProperty "java.lang.ArrayStoreException: incompatible refere..."

====================================================== search finished: 10/23/13 9:32 PM
  running jpf with args:
JavaPathfinder v7.0 (rev 1124) - (C) RIACS/NASA Ames Research Center


====================================================== system under test
gov.nasa.jpf.test.java.lang.SystemTest.runTestMethod()

====================================================== search started: 10/23/13 9:32 PM
processing choice: 0
copying array
processing choice: 1
checking if non-copied dst[0] is still null

====================================================== results
no errors detected

====================================================== search finished: 10/23/13 9:32 PM
  running jpf with args:
JavaPathfinder v7.0 (rev 1124) - (C) RIACS/NASA Ames Research Center


====================================================== system under test
gov.nasa.jpf.test.java.lang.SystemTest.runTestMethod()

====================================================== search started: 10/23/13 9:32 PM

====================================================== results
no errors detected

====================================================== search finished: 10/23/13 9:32 PM
  running jpf with args:
JavaPathfinder v7.0 (rev 1124) - (C) RIACS/NASA Ames Research Center


====================================================== system under test
gov.nasa.jpf.test.java.lang.SystemTest.runTestMethod()

====================================================== search started: 10/23/13 9:32 PM

====================================================== results
no errors detected

====================================================== search finished: 10/23/13 9:32 PM
  running jpf with args:
JavaPathfinder v7.0 (rev 1124) - (C) RIACS/NASA Ames Research Center


====================================================== system under test
gov.nasa.jpf.test.java.lang.SystemTest.runTestMethod()

====================================================== search started: 10/23/13 9:32 PM

====================================================== results
no errors detected

====================================================== search finished: 10/23/13 9:32 PM
------------- ---------------- ---------------

Testcase: testExit took 0.601 sec
Testcase: testIncompatibleReferencesArrayCopy took 0.213 sec
Testcase: testRestoredArrayCopy took 0.166 sec
Testcase: testSelfArrayCopy took 0.122 sec
Testcase: testOverlappingSelfArrayCopy took 0.128 sec
Testcase: testSimpleArrayCopy took 0.123 sec
