Testsuite: gov.nasa.jpf.test.java.lang.ClassTest
Tests run: 31, Failures: 0, Errors: 0, Time elapsed: 3.526 sec
------------- Standard Output ---------------
  running jpf with args:
JavaPathfinder v7.0 (rev 1124) - (C) RIACS/NASA Ames Research Center


====================================================== system under test
gov.nasa.jpf.test.java.lang.ClassTest.runTestMethod()

====================================================== search started: 10/23/13 9:31 PM
loaded gov.nasa.jpf.test.java.lang.ClassTest

====================================================== results
no errors detected

====================================================== search finished: 10/23/13 9:31 PM
  running jpf with args:
JavaPathfinder v7.0 (rev 1124) - (C) RIACS/NASA Ames Research Center


====================================================== system under test
gov.nasa.jpf.test.java.lang.ClassTest.runTestMethod()

====================================================== search started: 10/23/13 9:31 PM

====================================================== error 1
gov.nasa.jpf.vm.NoUncaughtExceptionsProperty
java.lang.ClassNotFoundException: class not found: x.y.NonExisting
	at java.lang.Class.forName(gov.nasa.jpf.vm.JPF_java_lang_Class)
	at gov.nasa.jpf.test.java.lang.ClassTest.testClassForNameException(ClassTest.java:83)
	at java.lang.reflect.Method.invoke(gov.nasa.jpf.vm.JPF_java_lang_reflect_Method)
	at gov.nasa.jpf.util.test.TestJPF.runTestMethod(TestJPF.java:603)


====================================================== snapshot #1
thread java.lang.Thread:{id:0,name:main,status:RUNNING,priority:5,lockCount:0,suspendCount:0}
  call stack:
	at gov.nasa.jpf.util.test.TestJPF.runTestMethod(TestJPF.java:605)


====================================================== results
error #1: gov.nasa.jpf.vm.NoUncaughtExceptionsProperty "java.lang.ClassNotFoundException: class not found:..."

====================================================== search finished: 10/23/13 9:31 PM
  running jpf with args:
JavaPathfinder v7.0 (rev 1124) - (C) RIACS/NASA Ames Research Center


====================================================== system under test
gov.nasa.jpf.test.java.lang.ClassTest.runTestMethod()

====================================================== search started: 10/23/13 9:31 PM
ClassTest$X initialized
Class.forName() returned

====================================================== results
no errors detected

====================================================== search finished: 10/23/13 9:31 PM
  running jpf with args:
JavaPathfinder v7.0 (rev 1124) - (C) RIACS/NASA Ames Research Center


====================================================== system under test
gov.nasa.jpf.test.java.lang.ClassTest.runTestMethod()

====================================================== search started: 10/23/13 9:31 PM

====================================================== results
no errors detected

====================================================== search finished: 10/23/13 9:31 PM
  running jpf with args:
JavaPathfinder v7.0 (rev 1124) - (C) RIACS/NASA Ames Research Center


====================================================== system under test
gov.nasa.jpf.test.java.lang.ClassTest.runTestMethod()

====================================================== search started: 10/23/13 9:31 PM

====================================================== results
no errors detected

====================================================== search finished: 10/23/13 9:31 PM
  running jpf with args:
JavaPathfinder v7.0 (rev 1124) - (C) RIACS/NASA Ames Research Center


====================================================== system under test
gov.nasa.jpf.test.java.lang.ClassTest.runTestMethod()

====================================================== search started: 10/23/13 9:31 PM
new instance: gov.nasa.jpf.test.java.lang.ClassTest@43591

====================================================== results
no errors detected

====================================================== search finished: 10/23/13 9:31 PM
  running jpf with args:
JavaPathfinder v7.0 (rev 1124) - (C) RIACS/NASA Ames Research Center


====================================================== system under test
gov.nasa.jpf.test.java.lang.ClassTest.runTestMethod()

====================================================== search started: 10/23/13 9:31 PM

====================================================== error 1
gov.nasa.jpf.vm.NoUncaughtExceptionsProperty
java.lang.IllegalAccessException: cannot access non-public member of class gov.nasa.jpf.test.java.lang.ClassTest$InAccessible
	at java.lang.Class.newInstance(gov.nasa.jpf.vm.JPF_java_lang_Class)
	at gov.nasa.jpf.test.java.lang.ClassTest.testNewInstanceFailAccess(ClassTest.java:176)
	at java.lang.reflect.Method.invoke(gov.nasa.jpf.vm.JPF_java_lang_reflect_Method)
	at gov.nasa.jpf.util.test.TestJPF.runTestMethod(TestJPF.java:603)


====================================================== snapshot #1
thread java.lang.Thread:{id:0,name:main,status:RUNNING,priority:5,lockCount:0,suspendCount:0}
  call stack:
	at gov.nasa.jpf.util.test.TestJPF.runTestMethod(TestJPF.java:605)


====================================================== results
error #1: gov.nasa.jpf.vm.NoUncaughtExceptionsProperty "java.lang.IllegalAccessException: cannot access no..."

====================================================== search finished: 10/23/13 9:31 PM
  running jpf with args:
JavaPathfinder v7.0 (rev 1124) - (C) RIACS/NASA Ames Research Center


====================================================== system under test
gov.nasa.jpf.test.java.lang.ClassTest.runTestMethod()

====================================================== search started: 10/23/13 9:31 PM

====================================================== error 1
gov.nasa.jpf.vm.NoUncaughtExceptionsProperty
java.lang.InstantiationException
	at java.lang.Class.newInstance(gov.nasa.jpf.vm.JPF_java_lang_Class)
	at gov.nasa.jpf.test.java.lang.ClassTest.testNewInstanceFailAbstract(ClassTest.java:187)
	at java.lang.reflect.Method.invoke(gov.nasa.jpf.vm.JPF_java_lang_reflect_Method)
	at gov.nasa.jpf.util.test.TestJPF.runTestMethod(TestJPF.java:603)


====================================================== snapshot #1
thread java.lang.Thread:{id:0,name:main,status:RUNNING,priority:5,lockCount:0,suspendCount:0}
  call stack:
	at gov.nasa.jpf.util.test.TestJPF.runTestMethod(TestJPF.java:605)


====================================================== results
error #1: gov.nasa.jpf.vm.NoUncaughtExceptionsProperty "java.lang.InstantiationException  at java.lang.Cla..."

====================================================== search finished: 10/23/13 9:31 PM
  running jpf with args:
JavaPathfinder v7.0 (rev 1124) - (C) RIACS/NASA Ames Research Center


====================================================== system under test
gov.nasa.jpf.test.java.lang.ClassTest.runTestMethod()

====================================================== search started: 10/23/13 9:31 PM

====================================================== results
no errors detected

====================================================== search finished: 10/23/13 9:31 PM
  running jpf with args:
JavaPathfinder v7.0 (rev 1124) - (C) RIACS/NASA Ames Research Center


====================================================== system under test
gov.nasa.jpf.test.java.lang.ClassTest.runTestMethod()

====================================================== search started: 10/23/13 9:31 PM

====================================================== results
no errors detected

====================================================== search finished: 10/23/13 9:31 PM
  running jpf with args:
JavaPathfinder v7.0 (rev 1124) - (C) RIACS/NASA Ames Research Center


====================================================== system under test
gov.nasa.jpf.test.java.lang.ClassTest.runTestMethod()

====================================================== search started: 10/23/13 9:31 PM

====================================================== results
no errors detected

====================================================== search finished: 10/23/13 9:31 PM
  running jpf with args:
JavaPathfinder v7.0 (rev 1124) - (C) RIACS/NASA Ames Research Center


====================================================== system under test
gov.nasa.jpf.test.java.lang.ClassTest.runTestMethod()

====================================================== search started: 10/23/13 9:31 PM

====================================================== results
no errors detected

====================================================== search finished: 10/23/13 9:31 PM
  running jpf with args:
JavaPathfinder v7.0 (rev 1124) - (C) RIACS/NASA Ames Research Center


====================================================== system under test
gov.nasa.jpf.test.java.lang.ClassTest.runTestMethod()

====================================================== search started: 10/23/13 9:31 PM

====================================================== results
no errors detected

====================================================== search finished: 10/23/13 9:31 PM
  running jpf with args:
JavaPathfinder v7.0 (rev 1124) - (C) RIACS/NASA Ames Research Center


====================================================== system under test
gov.nasa.jpf.test.java.lang.ClassTest.runTestMethod()

====================================================== search started: 10/23/13 9:31 PM

====================================================== results
no errors detected

====================================================== search finished: 10/23/13 9:31 PM
  running jpf with args:
JavaPathfinder v7.0 (rev 1124) - (C) RIACS/NASA Ames Research Center


====================================================== system under test
gov.nasa.jpf.test.java.lang.ClassTest.runTestMethod()

====================================================== search started: 10/23/13 9:31 PM

====================================================== results
no errors detected

====================================================== search finished: 10/23/13 9:31 PM
  running jpf with args:
JavaPathfinder v7.0 (rev 1124) - (C) RIACS/NASA Ames Research Center


====================================================== system under test
gov.nasa.jpf.test.java.lang.ClassTest.runTestMethod()

====================================================== search started: 10/23/13 9:31 PM

====================================================== results
no errors detected

====================================================== search finished: 10/23/13 9:31 PM
  running jpf with args:
JavaPathfinder v7.0 (rev 1124) - (C) RIACS/NASA Ames Research Center


====================================================== system under test
gov.nasa.jpf.test.java.lang.ClassTest.runTestMethod()

====================================================== search started: 10/23/13 9:31 PM

====================================================== results
no errors detected

====================================================== search finished: 10/23/13 9:31 PM
  running jpf with args:
JavaPathfinder v7.0 (rev 1124) - (C) RIACS/NASA Ames Research Center


====================================================== system under test
gov.nasa.jpf.test.java.lang.ClassTest.runTestMethod()

====================================================== search started: 10/23/13 9:31 PM

====================================================== results
no errors detected

====================================================== search finished: 10/23/13 9:31 PM
  running jpf with args:
JavaPathfinder v7.0 (rev 1124) - (C) RIACS/NASA Ames Research Center


====================================================== system under test
gov.nasa.jpf.test.java.lang.ClassTest.runTestMethod()

====================================================== search started: 10/23/13 9:31 PM

====================================================== results
no errors detected

====================================================== search finished: 10/23/13 9:31 PM
  running jpf with args:
JavaPathfinder v7.0 (rev 1124) - (C) RIACS/NASA Ames Research Center


====================================================== system under test
gov.nasa.jpf.test.java.lang.ClassTest.runTestMethod()

====================================================== search started: 10/23/13 9:31 PM

====================================================== results
no errors detected

====================================================== search finished: 10/23/13 9:31 PM
  running jpf with args:
JavaPathfinder v7.0 (rev 1124) - (C) RIACS/NASA Ames Research Center


====================================================== system under test
gov.nasa.jpf.test.java.lang.ClassTest.runTestMethod()

====================================================== search started: 10/23/13 9:31 PM

====================================================== results
no errors detected

====================================================== search finished: 10/23/13 9:31 PM
  running jpf with args:
JavaPathfinder v7.0 (rev 1124) - (C) RIACS/NASA Ames Research Center


====================================================== system under test
gov.nasa.jpf.test.java.lang.ClassTest.runTestMethod()

====================================================== search started: 10/23/13 9:31 PM

====================================================== results
no errors detected

====================================================== search finished: 10/23/13 9:31 PM
  running jpf with args:
JavaPathfinder v7.0 (rev 1124) - (C) RIACS/NASA Ames Research Center


====================================================== system under test
gov.nasa.jpf.test.java.lang.ClassTest.runTestMethod()

====================================================== search started: 10/23/13 9:31 PM

====================================================== results
no errors detected

====================================================== search finished: 10/23/13 9:31 PM
  running jpf with args:
JavaPathfinder v7.0 (rev 1124) - (C) RIACS/NASA Ames Research Center


====================================================== system under test
gov.nasa.jpf.test.java.lang.ClassTest.runTestMethod()

====================================================== search started: 10/23/13 9:31 PM

====================================================== results
no errors detected

====================================================== search finished: 10/23/13 9:31 PM
  running jpf with args:
JavaPathfinder v7.0 (rev 1124) - (C) RIACS/NASA Ames Research Center


====================================================== system under test
gov.nasa.jpf.test.java.lang.ClassTest.runTestMethod()

====================================================== search started: 10/23/13 9:31 PM

====================================================== results
no errors detected

====================================================== search finished: 10/23/13 9:31 PM
  running jpf with args:
JavaPathfinder v7.0 (rev 1124) - (C) RIACS/NASA Ames Research Center


====================================================== system under test
gov.nasa.jpf.test.java.lang.ClassTest.runTestMethod()

====================================================== search started: 10/23/13 9:31 PM

====================================================== results
no errors detected

====================================================== search finished: 10/23/13 9:31 PM
  running jpf with args:
JavaPathfinder v7.0 (rev 1124) - (C) RIACS/NASA Ames Research Center


====================================================== system under test
gov.nasa.jpf.test.java.lang.ClassTest.runTestMethod()

====================================================== search started: 10/23/13 9:31 PM

====================================================== results
no errors detected

====================================================== search finished: 10/23/13 9:31 PM
  running jpf with args:
JavaPathfinder v7.0 (rev 1124) - (C) RIACS/NASA Ames Research Center


====================================================== system under test
gov.nasa.jpf.test.java.lang.ClassTest.runTestMethod()

====================================================== search started: 10/23/13 9:31 PM

====================================================== results
no errors detected

====================================================== search finished: 10/23/13 9:31 PM
  running jpf with args:
JavaPathfinder v7.0 (rev 1124) - (C) RIACS/NASA Ames Research Center


====================================================== system under test
gov.nasa.jpf.test.java.lang.ClassTest.runTestMethod()

====================================================== search started: 10/23/13 9:31 PM

====================================================== results
no errors detected

====================================================== search finished: 10/23/13 9:31 PM
  running jpf with args:
JavaPathfinder v7.0 (rev 1124) - (C) RIACS/NASA Ames Research Center


====================================================== system under test
gov.nasa.jpf.test.java.lang.ClassTest.runTestMethod()

====================================================== search started: 10/23/13 9:31 PM

====================================================== results
no errors detected

====================================================== search finished: 10/23/13 9:31 PM
  running jpf with args:
JavaPathfinder v7.0 (rev 1124) - (C) RIACS/NASA Ames Research Center


====================================================== system under test
gov.nasa.jpf.test.java.lang.ClassTest.runTestMethod()

====================================================== search started: 10/23/13 9:31 PM

====================================================== results
no errors detected

====================================================== search finished: 10/23/13 9:31 PM
------------- ---------------- ---------------

Testcase: testClassForName took 0.52 sec
Testcase: testClassForNameException took 0.217 sec
Testcase: testClassForNameInit took 0.155 sec
Testcase: testGetClass took 0.129 sec
Testcase: testIdentity took 0.129 sec
Testcase: testNewInstance took 0.12 sec
Testcase: testNewInstanceFailAccess took 0.163 sec
Testcase: testNewInstanceFailAbstract took 0.146 sec
Testcase: testIsAssignableFrom took 0.103 sec
Testcase: testInstanceOf took 0.093 sec
Testcase: testAsSubclass took 0.118 sec
Testcase: testClassField took 0.08 sec
Testcase: testInterfaces took 0.085 sec
Testcase: testMethods took 0.08 sec
Testcase: testGetEnclosingClassExist took 0.083 sec
Testcase: testGetEnclosingClassNotExist took 0.089 sec
Testcase: localClassEnclosingClassTest took 0.073 sec
Testcase: getCanonicalNameTest took 0.101 sec
Testcase: getDeclaredAnnotationsTest took 0.089 sec
Testcase: isAnonymousClassTest took 0.079 sec
Testcase: isEnumTest took 0.074 sec
Testcase: getDeclaringClassTest took 0.097 sec
Testcase: isLocalClassTest took 0.081 sec
Testcase: isMemberClassTest took 0.074 sec
Testcase: isSyntheticTest took 0.075 sec
Testcase: getAnnotationsTest took 0.087 sec
Testcase: testIsAnnotation took 0.063 sec
Testcase: testIsAnnotationPresent took 0.084 sec
Testcase: getResourceTest took 0.096 sec
Testcase: getEnclosingMethod took 0.054 sec
Testcase: getEnclosingConstructor took 0.058 sec
