Testsuite: gov.nasa.jpf.test.mc.data.CrossingTest
Tests run: 2, Failures: 0, Errors: 0, Time elapsed: 1.611 sec
------------- Standard Output ---------------
  running jpf with args:
JavaPathfinder v7.0 (rev 1124) - (C) RIACS/NASA Ames Research Center


====================================================== system under test
gov.nasa.jpf.test.mc.data.CrossingTest.runTestMethod()

====================================================== search started: 10/23/13 9:33 PM
total time = 17

====================================================== error 1
gov.nasa.jpf.vm.NoUncaughtExceptionsProperty
java.lang.AssertionError: total > 17  |  total = 17
	at gov.nasa.jpf.test.mc.data.CrossingTest.run(CrossingTest.java:224)
	at gov.nasa.jpf.test.mc.data.CrossingTest.testNoHeuristic(CrossingTest.java:272)
	at java.lang.reflect.Method.invoke(gov.nasa.jpf.vm.JPF_java_lang_reflect_Method)
	at gov.nasa.jpf.util.test.TestJPF.runTestMethod(TestJPF.java:603)


====================================================== snapshot #1
thread java.lang.Thread:{id:0,name:main,status:RUNNING,priority:5,lockCount:0,suspendCount:0}
  call stack:
	at gov.nasa.jpf.util.test.TestJPF.runTestMethod(TestJPF.java:605)


====================================================== results
error #1: gov.nasa.jpf.vm.NoUncaughtExceptionsProperty "java.lang.AssertionError: total > 17  |  total = 1..."

====================================================== search finished: 10/23/13 9:33 PM
  running jpf with args: +search.class=gov.nasa.jpf.search.heuristic.BFSHeuristic
JavaPathfinder v7.0 (rev 1124) - (C) RIACS/NASA Ames Research Center


====================================================== system under test
gov.nasa.jpf.test.mc.data.CrossingTest.runTestMethod()

====================================================== search started: 10/23/13 9:33 PM
total time = 17

====================================================== error 1
gov.nasa.jpf.vm.NoUncaughtExceptionsProperty
java.lang.AssertionError: total > 17  |  total = 17
	at gov.nasa.jpf.test.mc.data.CrossingTest.run(CrossingTest.java:224)
	at gov.nasa.jpf.test.mc.data.CrossingTest.testBFSHeuristic(CrossingTest.java:278)
	at java.lang.reflect.Method.invoke(gov.nasa.jpf.vm.JPF_java_lang_reflect_Method)
	at gov.nasa.jpf.util.test.TestJPF.runTestMethod(TestJPF.java:603)


====================================================== snapshot #1
thread java.lang.Thread:{id:0,name:main,status:RUNNING,priority:5,lockCount:0,suspendCount:0}
  call stack:
	at gov.nasa.jpf.util.test.TestJPF.runTestMethod(TestJPF.java:605)


====================================================== results
error #1: gov.nasa.jpf.vm.NoUncaughtExceptionsProperty "java.lang.AssertionError: total > 17  |  total = 1..."

====================================================== search finished: 10/23/13 9:33 PM
------------- ---------------- ---------------

Testcase: testNoHeuristic took 1.115 sec
Testcase: testBFSHeuristic took 0.482 sec
