Testsuite: gov.nasa.jpf.test.vm.basic.ExceptionHandlingTest
Tests run: 9, Failures: 0, Errors: 0, Time elapsed: 1.701 sec
------------- Standard Output ---------------
  running jpf with args:
JavaPathfinder v7.0 (rev 1124) - (C) RIACS/NASA Ames Research Center


====================================================== system under test
gov.nasa.jpf.test.vm.basic.ExceptionHandlingTest.runTestMethod()

====================================================== search started: 10/23/13 9:33 PM

====================================================== error 1
gov.nasa.jpf.vm.NoUncaughtExceptionsProperty
java.lang.NullPointerException: referencing field 'data' on null object
	at gov.nasa.jpf.test.vm.basic.ExceptionHandlingTest.testNPE(ExceptionHandlingTest.java:45)
	at java.lang.reflect.Method.invoke(gov.nasa.jpf.vm.JPF_java_lang_reflect_Method)
	at gov.nasa.jpf.util.test.TestJPF.runTestMethod(TestJPF.java:603)


====================================================== snapshot #1
thread java.lang.Thread:{id:0,name:main,status:RUNNING,priority:5,lockCount:0,suspendCount:0}
  call stack:
	at gov.nasa.jpf.util.test.TestJPF.runTestMethod(TestJPF.java:605)


====================================================== results
error #1: gov.nasa.jpf.vm.NoUncaughtExceptionsProperty "java.lang.NullPointerException: referencing field ..."

====================================================== search finished: 10/23/13 9:33 PM
  running jpf with args:
JavaPathfinder v7.0 (rev 1124) - (C) RIACS/NASA Ames Research Center


====================================================== system under test
gov.nasa.jpf.test.vm.basic.ExceptionHandlingTest.runTestMethod()

====================================================== search started: 10/23/13 9:33 PM

====================================================== results
no errors detected

====================================================== search finished: 10/23/13 9:33 PM
  running jpf with args:
JavaPathfinder v7.0 (rev 1124) - (C) RIACS/NASA Ames Research Center


====================================================== system under test
gov.nasa.jpf.test.vm.basic.ExceptionHandlingTest.runTestMethod()

====================================================== search started: 10/23/13 9:33 PM

====================================================== results
no errors detected

====================================================== search finished: 10/23/13 9:33 PM
  running jpf with args:
JavaPathfinder v7.0 (rev 1124) - (C) RIACS/NASA Ames Research Center


====================================================== system under test
gov.nasa.jpf.test.vm.basic.ExceptionHandlingTest.runTestMethod()

====================================================== search started: 10/23/13 9:33 PM

====================================================== results
no errors detected

====================================================== search finished: 10/23/13 9:33 PM
  running jpf with args:
JavaPathfinder v7.0 (rev 1124) - (C) RIACS/NASA Ames Research Center


====================================================== system under test
gov.nasa.jpf.test.vm.basic.ExceptionHandlingTest.runTestMethod()

====================================================== search started: 10/23/13 9:33 PM
	 at gov.nasa.jpf.test.vm.basic.ExceptionHandlingTest.testStackTrace(gov/nasa/jpf/test/vm/basic/ExceptionHandlingTest.java:130)
	 at java.lang.reflect.Method.invoke(gov.nasa.jpf.vm.JPF_java_lang_reflect_Method:-1)
	 at gov.nasa.jpf.util.test.TestJPF.runTestMethod(gov/nasa/jpf/util/test/TestJPF.java:603)

====================================================== results
no errors detected

====================================================== search finished: 10/23/13 9:33 PM
  running jpf with args:
JavaPathfinder v7.0 (rev 1124) - (C) RIACS/NASA Ames Research Center


====================================================== system under test
gov.nasa.jpf.test.vm.basic.ExceptionHandlingTest.runTestMethod()

====================================================== search started: 10/23/13 9:33 PM

====================================================== error 1
gov.nasa.jpf.vm.NoUncaughtExceptionsProperty
java.lang.NullPointerException: Calling 'foo()V' on null object
	at gov.nasa.jpf.test.vm.basic.ExceptionHandlingTest.testNPECall(ExceptionHandlingTest.java:54)
	at java.lang.reflect.Method.invoke(gov.nasa.jpf.vm.JPF_java_lang_reflect_Method)
	at gov.nasa.jpf.util.test.TestJPF.runTestMethod(TestJPF.java:603)


====================================================== snapshot #1
thread java.lang.Thread:{id:0,name:main,status:RUNNING,priority:5,lockCount:0,suspendCount:0}
  call stack:
	at gov.nasa.jpf.util.test.TestJPF.runTestMethod(TestJPF.java:605)


====================================================== results
error #1: gov.nasa.jpf.vm.NoUncaughtExceptionsProperty "java.lang.NullPointerException: Calling 'foo()V' o..."

====================================================== search finished: 10/23/13 9:33 PM
  running jpf with args:
JavaPathfinder v7.0 (rev 1124) - (C) RIACS/NASA Ames Research Center


====================================================== system under test
gov.nasa.jpf.test.vm.basic.ExceptionHandlingTest.runTestMethod()

====================================================== search started: 10/23/13 9:33 PM

====================================================== error 1
gov.nasa.jpf.vm.NoUncaughtExceptionsProperty
java.lang.ArrayIndexOutOfBoundsException: -1
	at gov.nasa.jpf.test.vm.basic.ExceptionHandlingTest.testArrayIndexOutOfBoundsLow(ExceptionHandlingTest.java:63)
	at java.lang.reflect.Method.invoke(gov.nasa.jpf.vm.JPF_java_lang_reflect_Method)
	at gov.nasa.jpf.util.test.TestJPF.runTestMethod(TestJPF.java:603)


====================================================== snapshot #1
thread java.lang.Thread:{id:0,name:main,status:RUNNING,priority:5,lockCount:0,suspendCount:0}
  call stack:
	at gov.nasa.jpf.util.test.TestJPF.runTestMethod(TestJPF.java:605)


====================================================== results
error #1: gov.nasa.jpf.vm.NoUncaughtExceptionsProperty "java.lang.ArrayIndexOutOfBoundsException: -1  at g..."

====================================================== search finished: 10/23/13 9:33 PM
  running jpf with args:
JavaPathfinder v7.0 (rev 1124) - (C) RIACS/NASA Ames Research Center


====================================================== system under test
gov.nasa.jpf.test.vm.basic.ExceptionHandlingTest.runTestMethod()

====================================================== search started: 10/23/13 9:33 PM

====================================================== error 1
gov.nasa.jpf.vm.NoUncaughtExceptionsProperty
java.lang.ArrayIndexOutOfBoundsException: 10
	at gov.nasa.jpf.test.vm.basic.ExceptionHandlingTest.testArrayIndexOutOfBoundsHigh(ExceptionHandlingTest.java:72)
	at java.lang.reflect.Method.invoke(gov.nasa.jpf.vm.JPF_java_lang_reflect_Method)
	at gov.nasa.jpf.util.test.TestJPF.runTestMethod(TestJPF.java:603)


====================================================== snapshot #1
thread java.lang.Thread:{id:0,name:main,status:RUNNING,priority:5,lockCount:0,suspendCount:0}
  call stack:
	at gov.nasa.jpf.util.test.TestJPF.runTestMethod(TestJPF.java:605)


====================================================== results
error #1: gov.nasa.jpf.vm.NoUncaughtExceptionsProperty "java.lang.ArrayIndexOutOfBoundsException: 10  at g..."

====================================================== search finished: 10/23/13 9:33 PM
  running jpf with args:
JavaPathfinder v7.0 (rev 1124) - (C) RIACS/NASA Ames Research Center


====================================================== system under test
gov.nasa.jpf.test.vm.basic.ExceptionHandlingTest.runTestMethod()

====================================================== search started: 10/23/13 9:33 PM

====================================================== results
no errors detected

====================================================== search finished: 10/23/13 9:33 PM
------------- ---------------- ---------------

Testcase: testNPE took 0.516 sec
Testcase: testCallerHandler took 0.213 sec
Testcase: testEmptyHandler took 0.131 sec
Testcase: testEmptyTryBlock took 0.132 sec
Testcase: testStackTrace took 0.13 sec
Testcase: testNPECall took 0.134 sec
Testcase: testArrayIndexOutOfBoundsLow took 0.16 sec
Testcase: testArrayIndexOutOfBoundsHigh took 0.15 sec
Testcase: testLocalHandler took 0.116 sec
